<?xml version="1.0" encoding="UTF-8"?>
<!-- Generated by org.testng.reporters.JUnitXMLReporter -->
<testsuite hostname="hp-pc" name="testng demo" tests="7" failures="0" timestamp="7 Feb 2016 11:01:16 GMT" time="13.468" errors="0">
  <testcase name="gmailReg" time="0.015" classname="com.deepthi.selenium.GmailRegistrationTest"/>
  <testcase name="testMethod1" time="0.0" classname="com.deepthi.selenium.GroupsTest"/>
  <testcase name="testMethod2" time="0.0" classname="com.deepthi.selenium.GroupsTest"/>
  <testcase name="testMethod3" time="0.0" classname="com.deepthi.selenium.GroupsTest"/>
  <testcase name="testMethod1" time="13.434" classname="com.deepthi.selenium.MavenFirstTestCase"/>
  <testcase name="testMethod2" time="0.001" classname="com.deepthi.selenium.MavenFirstTestCase"/>
  <testcase name="thirdTestCase" time="0.001" classname="com.deepthi.selenium.ThirdMavenTestCase"/>
</testsuite> <!-- testng demo -->
