<?xml version="1.0" encoding="UTF-8"?>
<testsuite xmlns:xsi="http://www.w3.org/2001/XMLSchema-instance" xsi:schemaLocation="https://maven.apache.org/surefire/maven-surefire-plugin/xsd/surefire-test-report.xsd" name="TestSuite" time="14.23" tests="7" errors="0" skipped="0" failures="0">
  <properties>
[...]
</properties>
  <testcase name="gmailReg" classname="com.deepthi.selenium.GmailRegistrationTest" time="0.015"/>
  <testcase name="testMethod1" classname="com.deepthi.selenium.GroupsTest" time="0"/>
  <testcase name="testMethod2" classname="com.deepthi.selenium.GroupsTest" time="0"/>
  <testcase name="testMethod3" classname="com.deepthi.selenium.GroupsTest" time="0"/>
  <testcase name="testMethod1" classname="com.deepthi.selenium.MavenFirstTestCase" time="13.434"/>
  <testcase name="testMethod2" classname="com.deepthi.selenium.MavenFirstTestCase" time="0.001"/>
  <testcase name="thirdTestCase" classname="com.deepthi.selenium.ThirdMavenTestCase" time="0.001"/>
</testsuite>