<?xml version="1.0" encoding="UTF-8"?>
<testng-results skipped="0" failed="0" total="7" passed="7">
  <reporter-output>
  </reporter-output>
  <suite name="Suite1" duration-ms="13468" started-at="2016-02-07T11:01:02Z" finished-at="2016-02-07T11:01:16Z">
    <groups>
      <group name="checkintest">
        <method signature="GroupsTest.testMethod1()[pri:0, instance:com.deepthi.selenium.GroupsTest@3fb6a447]" name="testMethod1" class="com.deepthi.selenium.GroupsTest"/>
        <method signature="GroupsTest.testMethod2()[pri:0, instance:com.deepthi.selenium.GroupsTest@3fb6a447]" name="testMethod2" class="com.deepthi.selenium.GroupsTest"/>
      </group> <!-- checkintest -->
      <group name="sanitytest">
        <method signature="GroupsTest.testMethod1()[pri:0, instance:com.deepthi.selenium.GroupsTest@3fb6a447]" name="testMethod1" class="com.deepthi.selenium.GroupsTest"/>
        <method signature="GroupsTest.testMethod2()[pri:0, instance:com.deepthi.selenium.GroupsTest@3fb6a447]" name="testMethod2" class="com.deepthi.selenium.GroupsTest"/>
        <method signature="GroupsTest.testMethod3()[pri:0, instance:com.deepthi.selenium.GroupsTest@3fb6a447]" name="testMethod3" class="com.deepthi.selenium.GroupsTest"/>
      </group> <!-- sanitytest -->
    </groups>
    <test name="testng demo" duration-ms="13468" started-at="2016-02-07T11:01:02Z" finished-at="2016-02-07T11:01:16Z">
      <class name="com.deepthi.selenium.GroupsTest">
        <test-method status="PASS" signature="testMethod1()[pri:0, instance:com.deepthi.selenium.GroupsTest@3fb6a447]" name="testMethod1" duration-ms="0" started-at="2016-02-07T16:31:02Z" finished-at="2016-02-07T16:31:02Z">
          <reporter-output>
          </reporter-output>
        </test-method> <!-- testMethod1 -->
        <test-method status="PASS" signature="testMethod3()[pri:0, instance:com.deepthi.selenium.GroupsTest@3fb6a447]" name="testMethod3" duration-ms="0" started-at="2016-02-07T16:31:02Z" finished-at="2016-02-07T16:31:02Z">
          <reporter-output>
          </reporter-output>
        </test-method> <!-- testMethod3 -->
        <test-method status="PASS" signature="testMethod2()[pri:0, instance:com.deepthi.selenium.GroupsTest@3fb6a447]" name="testMethod2" duration-ms="0" started-at="2016-02-07T16:31:02Z" finished-at="2016-02-07T16:31:02Z">
          <reporter-output>
          </reporter-output>
        </test-method> <!-- testMethod2 -->
      </class> <!-- com.deepthi.selenium.GroupsTest -->
      <class name="com.deepthi.selenium.MavenFirstTestCase">
        <test-method status="PASS" signature="testMethod1()[pri:0, instance:com.deepthi.selenium.MavenFirstTestCase@246ae04d]" name="testMethod1" duration-ms="13434" started-at="2016-02-07T16:31:02Z" finished-at="2016-02-07T16:31:16Z">
          <reporter-output>
          </reporter-output>
        </test-method> <!-- testMethod1 -->
        <test-method status="PASS" signature="testMethod2()[pri:0, instance:com.deepthi.selenium.MavenFirstTestCase@246ae04d]" name="testMethod2" duration-ms="1" started-at="2016-02-07T16:31:16Z" finished-at="2016-02-07T16:31:16Z">
          <reporter-output>
          </reporter-output>
        </test-method> <!-- testMethod2 -->
      </class> <!-- com.deepthi.selenium.MavenFirstTestCase -->
      <class name="com.deepthi.selenium.GmailRegistrationTest">
        <test-method status="PASS" signature="gmailReg()[pri:0, instance:com.deepthi.selenium.GmailRegistrationTest@2c6a3f77]" name="gmailReg" duration-ms="15" started-at="2016-02-07T16:31:02Z" finished-at="2016-02-07T16:31:02Z">
          <reporter-output>
          </reporter-output>
        </test-method> <!-- gmailReg -->
      </class> <!-- com.deepthi.selenium.GmailRegistrationTest -->
      <class name="com.deepthi.selenium.ThirdMavenTestCase">
        <test-method status="PASS" signature="thirdTestCase()[pri:0, instance:com.deepthi.selenium.ThirdMavenTestCase@1324409e]" name="thirdTestCase" duration-ms="1" started-at="2016-02-07T16:31:16Z" finished-at="2016-02-07T16:31:16Z">
          <reporter-output>
          </reporter-output>
        </test-method> <!-- thirdTestCase -->
      </class> <!-- com.deepthi.selenium.ThirdMavenTestCase -->
    </test> <!-- testng demo -->
  </suite> <!-- Suite1 -->
</testng-results>
